[2025-05-31 19:02:05] local.ERROR: Call to undefined function App\Http\Controllers\Admin\Users\dil() {"userId":3,"exception":"[object] (Error(code: 0): Call to undefined function App\\Http\\Controllers\\Admin\\Users\\dil() at /media/mydisk/Project/Test/Lahiru/esoft/hotel-reservation/app/Http/Controllers/Admin/Users/TravelCompaniesController.php:194)
[stacktrace]
#0 /media/mydisk/Project/Test/Lahiru/esoft/hotel-reservation/vendor/laravel/framework/src/Illuminate/Routing/Controller.php(54): App\\Http\\Controllers\\Admin\\Users\\TravelCompaniesController->destroy()
#1 /media/mydisk/Project/Test/Lahiru/esoft/hotel-reservation/vendor/laravel/framework/src/Illuminate/Routing/ControllerDispatcher.php(43): Illuminate\\Routing\\Controller->callAction()
#2 /media/mydisk/Project/Test/Lahiru/esoft/hotel-reservation/vendor/laravel/framework/src/Illuminate/Routing/Route.php(265): Illuminate\\Routing\\ControllerDispatcher->dispatch()
#3 /media/mydisk/Project/Test/Lahiru/esoft/hotel-reservation/vendor/laravel/framework/src/Illuminate/Routing/Route.php(211): Illuminate\\Routing\\Route->runController()
#4 /media/mydisk/Project/Test/Lahiru/esoft/hotel-reservation/vendor/laravel/framework/src/Illuminate/Routing/Router.php(808): Illuminate\\Routing\\Route->run()
#5 /media/mydisk/Project/Test/Lahiru/esoft/hotel-reservation/vendor/laravel/framework/src/Illuminate/Pipeline/Pipeline.php(169): Illuminate\\Routing\\Router->Illuminate\\Routing\\{closure}()
#6 /media/mydisk/Project/Test/Lahiru/esoft/hotel-reservation/vendor/spatie/laravel-permission/src/Middleware/RoleOrPermissionMiddleware.php(39): Illuminate\\Pipeline\\Pipeline->Illuminate\\Pipeline\\{closure}()
#7 /media/mydisk/Project/Test/Lahiru/esoft/hotel-reservation/vendor/laravel/framework/src/Illuminate/Pipeline/Pipeline.php(208): Spatie\\Permission\\Middleware\\RoleOrPermissionMiddleware->handle()
#8 /media/mydisk/Project/Test/Lahiru/esoft/hotel-reservation/app/Http/Middleware/CheckRole.php(20): Illuminate\\Pipeline\\Pipeline->Illuminate\\Pipeline\\{closure}()
#9 /media/mydisk/Project/Test/Lahiru/esoft/hotel-reservation/vendor/laravel/framework/src/Illuminate/Pipeline/Pipeline.php(208): App\\Http\\Middleware\\CheckRole->handle()
#10 /media/mydisk/Project/Test/Lahiru/esoft/hotel-reservation/vendor/laravel/framework/src/Illuminate/Routing/Middleware/SubstituteBindings.php(50): Illuminate\\Pipeline\\Pipeline->Illuminate\\Pipeline\\{closure}()
#11 /media/mydisk/Project/Test/Lahiru/esoft/hotel-reservation/vendor/laravel/framework/src/Illuminate/Pipeline/Pipeline.php(208): Illuminate\\Routing\\Middleware\\SubstituteBindings->handle()
#12 /media/mydisk/Project/Test/Lahiru/esoft/hotel-reservation/vendor/laravel/framework/src/Illuminate/Foundation/Http/Middleware/VerifyCsrfToken.php(87): Illuminate\\Pipeline\\Pipeline->Illuminate\\Pipeline\\{closure}()
#13 /media/mydisk/Project/Test/Lahiru/esoft/hotel-reservation/vendor/laravel/framework/src/Illuminate/Pipeline/Pipeline.php(208): Illuminate\\Foundation\\Http\\Middleware\\VerifyCsrfToken->handle()
#14 /media/mydisk/Project/Test/Lahiru/esoft/hotel-reservation/vendor/laravel/framework/src/Illuminate/View/Middleware/ShareErrorsFromSession.php(48): Illuminate\\Pipeline\\Pipeline->Illuminate\\Pipeline\\{closure}()
#15 /media/mydisk/Project/Test/Lahiru/esoft/hotel-reservation/vendor/laravel/framework/src/Illuminate/Pipeline/Pipeline.php(208): Illuminate\\View\\Middleware\\ShareErrorsFromSession->handle()
#16 /media/mydisk/Project/Test/Lahiru/esoft/hotel-reservation/vendor/laravel/framework/src/Illuminate/Session/Middleware/StartSession.php(120): Illuminate\\Pipeline\\Pipeline->Illuminate\\Pipeline\\{closure}()
#17 /media/mydisk/Project/Test/Lahiru/esoft/hotel-reservation/vendor/laravel/framework/src/Illuminate/Session/Middleware/StartSession.php(63): Illuminate\\Session\\Middleware\\StartSession->handleStatefulRequest()
#18 /media/mydisk/Project/Test/Lahiru/esoft/hotel-reservation/vendor/laravel/framework/src/Illuminate/Pipeline/Pipeline.php(208): Illuminate\\Session\\Middleware\\StartSession->handle()
#19 /media/mydisk/Project/Test/Lahiru/esoft/hotel-reservation/vendor/laravel/framework/src/Illuminate/Cookie/Middleware/AddQueuedCookiesToResponse.php(36): Illuminate\\Pipeline\\Pipeline->Illuminate\\Pipeline\\{closure}()
#20 /media/mydisk/Project/Test/Lahiru/esoft/hotel-reservation/vendor/laravel/framework/src/Illuminate/Pipeline/Pipeline.php(208): Illuminate\\Cookie\\Middleware\\AddQueuedCookiesToResponse->handle()
#21 /media/mydisk/Project/Test/Lahiru/esoft/hotel-reservation/vendor/laravel/framework/src/Illuminate/Cookie/Middleware/EncryptCookies.php(74): Illuminate\\Pipeline\\Pipeline->Illuminate\\Pipeline\\{closure}()
#22 /media/mydisk/Project/Test/Lahiru/esoft/hotel-reservation/vendor/laravel/framework/src/Illuminate/Pipeline/Pipeline.php(208): Illuminate\\Cookie\\Middleware\\EncryptCookies->handle()
#23 /media/mydisk/Project/Test/Lahiru/esoft/hotel-reservation/vendor/laravel/framework/src/Illuminate/Pipeline/Pipeline.php(126): Illuminate\\Pipeline\\Pipeline->Illuminate\\Pipeline\\{closure}()
#24 /media/mydisk/Project/Test/Lahiru/esoft/hotel-reservation/vendor/laravel/framework/src/Illuminate/Routing/Router.php(807): Illuminate\\Pipeline\\Pipeline->then()
#25 /media/mydisk/Project/Test/Lahiru/esoft/hotel-reservation/vendor/laravel/framework/src/Illuminate/Routing/Router.php(786): Illuminate\\Routing\\Router->runRouteWithinStack()
#26 /media/mydisk/Project/Test/Lahiru/esoft/hotel-reservation/vendor/laravel/framework/src/Illuminate/Routing/Router.php(750): Illuminate\\Routing\\Router->runRoute()
#27 /media/mydisk/Project/Test/Lahiru/esoft/hotel-reservation/vendor/laravel/framework/src/Illuminate/Routing/Router.php(739): Illuminate\\Routing\\Router->dispatchToRoute()
#28 /media/mydisk/Project/Test/Lahiru/esoft/hotel-reservation/vendor/laravel/framework/src/Illuminate/Foundation/Http/Kernel.php(200): Illuminate\\Routing\\Router->dispatch()
#29 /media/mydisk/Project/Test/Lahiru/esoft/hotel-reservation/vendor/laravel/framework/src/Illuminate/Pipeline/Pipeline.php(169): Illuminate\\Foundation\\Http\\Kernel->Illuminate\\Foundation\\Http\\{closure}()
#30 /media/mydisk/Project/Test/Lahiru/esoft/hotel-reservation/vendor/laravel/framework/src/Illuminate/Foundation/Http/Middleware/TransformsRequest.php(21): Illuminate\\Pipeline\\Pipeline->Illuminate\\Pipeline\\{closure}()
#31 /media/mydisk/Project/Test/Lahiru/esoft/hotel-reservation/vendor/laravel/framework/src/Illuminate/Foundation/Http/Middleware/ConvertEmptyStringsToNull.php(31): Illuminate\\Foundation\\Http\\Middleware\\TransformsRequest->handle()
#32 /media/mydisk/Project/Test/Lahiru/esoft/hotel-reservation/vendor/laravel/framework/src/Illuminate/Pipeline/Pipeline.php(208): Illuminate\\Foundation\\Http\\Middleware\\ConvertEmptyStringsToNull->handle()
#33 /media/mydisk/Project/Test/Lahiru/esoft/hotel-reservation/vendor/laravel/framework/src/Illuminate/Foundation/Http/Middleware/TransformsRequest.php(21): Illuminate\\Pipeline\\Pipeline->Illuminate\\Pipeline\\{closure}()
#34 /media/mydisk/Project/Test/Lahiru/esoft/hotel-reservation/vendor/laravel/framework/src/Illuminate/Foundation/Http/Middleware/TrimStrings.php(51): Illuminate\\Foundation\\Http\\Middleware\\TransformsRequest->handle()
#35 /media/mydisk/Project/Test/Lahiru/esoft/hotel-reservation/vendor/laravel/framework/src/Illuminate/Pipeline/Pipeline.php(208): Illuminate\\Foundation\\Http\\Middleware\\TrimStrings->handle()
#36 /media/mydisk/Project/Test/Lahiru/esoft/hotel-reservation/vendor/laravel/framework/src/Illuminate/Http/Middleware/ValidatePostSize.php(27): Illuminate\\Pipeline\\Pipeline->Illuminate\\Pipeline\\{closure}()
#37 /media/mydisk/Project/Test/Lahiru/esoft/hotel-reservation/vendor/laravel/framework/src/Illuminate/Pipeline/Pipeline.php(208): Illuminate\\Http\\Middleware\\ValidatePostSize->handle()
#38 /media/mydisk/Project/Test/Lahiru/esoft/hotel-reservation/vendor/laravel/framework/src/Illuminate/Foundation/Http/Middleware/PreventRequestsDuringMaintenance.php(109): Illuminate\\Pipeline\\Pipeline->Illuminate\\Pipeline\\{closure}()
#39 /media/mydisk/Project/Test/Lahiru/esoft/hotel-reservation/vendor/laravel/framework/src/Illuminate/Pipeline/Pipeline.php(208): Illuminate\\Foundation\\Http\\Middleware\\PreventRequestsDuringMaintenance->handle()
#40 /media/mydisk/Project/Test/Lahiru/esoft/hotel-reservation/vendor/laravel/framework/src/Illuminate/Http/Middleware/HandleCors.php(48): Illuminate\\Pipeline\\Pipeline->Illuminate\\Pipeline\\{closure}()
#41 /media/mydisk/Project/Test/Lahiru/esoft/hotel-reservation/vendor/laravel/framework/src/Illuminate/Pipeline/Pipeline.php(208): Illuminate\\Http\\Middleware\\HandleCors->handle()
#42 /media/mydisk/Project/Test/Lahiru/esoft/hotel-reservation/vendor/laravel/framework/src/Illuminate/Http/Middleware/TrustProxies.php(58): Illuminate\\Pipeline\\Pipeline->Illuminate\\Pipeline\\{closure}()
#43 /media/mydisk/Project/Test/Lahiru/esoft/hotel-reservation/vendor/laravel/framework/src/Illuminate/Pipeline/Pipeline.php(208): Illuminate\\Http\\Middleware\\TrustProxies->handle()
#44 /media/mydisk/Project/Test/Lahiru/esoft/hotel-reservation/vendor/laravel/framework/src/Illuminate/Foundation/Http/Middleware/InvokeDeferredCallbacks.php(22): Illuminate\\Pipeline\\Pipeline->Illuminate\\Pipeline\\{closure}()
#45 /media/mydisk/Project/Test/Lahiru/esoft/hotel-reservation/vendor/laravel/framework/src/Illuminate/Pipeline/Pipeline.php(208): Illuminate\\Foundation\\Http\\Middleware\\InvokeDeferredCallbacks->handle()
#46 /media/mydisk/Project/Test/Lahiru/esoft/hotel-reservation/vendor/laravel/framework/src/Illuminate/Http/Middleware/ValidatePathEncoding.php(26): Illuminate\\Pipeline\\Pipeline->Illuminate\\Pipeline\\{closure}()
#47 /media/mydisk/Project/Test/Lahiru/esoft/hotel-reservation/vendor/laravel/framework/src/Illuminate/Pipeline/Pipeline.php(208): Illuminate\\Http\\Middleware\\ValidatePathEncoding->handle()
#48 /media/mydisk/Project/Test/Lahiru/esoft/hotel-reservation/vendor/laravel/framework/src/Illuminate/Pipeline/Pipeline.php(126): Illuminate\\Pipeline\\Pipeline->Illuminate\\Pipeline\\{closure}()
#49 /media/mydisk/Project/Test/Lahiru/esoft/hotel-reservation/vendor/laravel/framework/src/Illuminate/Foundation/Http/Kernel.php(175): Illuminate\\Pipeline\\Pipeline->then()
#50 /media/mydisk/Project/Test/Lahiru/esoft/hotel-reservation/vendor/laravel/framework/src/Illuminate/Foundation/Http/Kernel.php(144): Illuminate\\Foundation\\Http\\Kernel->sendRequestThroughRouter()
#51 /media/mydisk/Project/Test/Lahiru/esoft/hotel-reservation/vendor/laravel/framework/src/Illuminate/Foundation/Application.php(1219): Illuminate\\Foundation\\Http\\Kernel->handle()
#52 /media/mydisk/Project/Test/Lahiru/esoft/hotel-reservation/public/index.php(20): Illuminate\\Foundation\\Application->handleRequest()
#53 /media/mydisk/Project/Test/Lahiru/esoft/hotel-reservation/vendor/laravel/framework/src/Illuminate/Foundation/resources/server.php(23): require_once('...')
#54 {main}
"} 
[2025-05-31 19:02:23] local.INFO: array (
  'id' => '18',
)  
[2025-05-31 19:08:50] local.ERROR: Too few arguments to function route(), 0 passed in /media/mydisk/Project/Test/Lahiru/esoft/hotel-reservation/storage/framework/views/d191ae38aac89b73244c9eeeae64f75d.php on line 10 and at least 1 expected (View: /media/mydisk/Project/Test/Lahiru/esoft/hotel-reservation/resources/views/admin/users/hotel-clerks/index.blade.php) {"userId":3,"exception":"[object] (Illuminate\\View\\ViewException(code: 0): Too few arguments to function route(), 0 passed in /media/mydisk/Project/Test/Lahiru/esoft/hotel-reservation/storage/framework/views/d191ae38aac89b73244c9eeeae64f75d.php on line 10 and at least 1 expected (View: /media/mydisk/Project/Test/Lahiru/esoft/hotel-reservation/resources/views/admin/users/hotel-clerks/index.blade.php) at /media/mydisk/Project/Test/Lahiru/esoft/hotel-reservation/vendor/laravel/framework/src/Illuminate/Foundation/helpers.php:854)
[stacktrace]
#0 /media/mydisk/Project/Test/Lahiru/esoft/hotel-reservation/vendor/laravel/framework/src/Illuminate/View/Engines/PhpEngine.php(59): Illuminate\\View\\Engines\\CompilerEngine->handleViewException()
#1 /media/mydisk/Project/Test/Lahiru/esoft/hotel-reservation/vendor/laravel/framework/src/Illuminate/View/Engines/CompilerEngine.php(74): Illuminate\\View\\Engines\\PhpEngine->evaluatePath()
#2 /media/mydisk/Project/Test/Lahiru/esoft/hotel-reservation/vendor/laravel/framework/src/Illuminate/View/View.php(208): Illuminate\\View\\Engines\\CompilerEngine->get()
#3 /media/mydisk/Project/Test/Lahiru/esoft/hotel-reservation/vendor/laravel/framework/src/Illuminate/View/View.php(191): Illuminate\\View\\View->getContents()
#4 /media/mydisk/Project/Test/Lahiru/esoft/hotel-reservation/vendor/laravel/framework/src/Illuminate/View/View.php(160): Illuminate\\View\\View->renderContents()
#5 /media/mydisk/Project/Test/Lahiru/esoft/hotel-reservation/vendor/laravel/framework/src/Illuminate/Http/Response.php(78): Illuminate\\View\\View->render()
#6 /media/mydisk/Project/Test/Lahiru/esoft/hotel-reservation/vendor/laravel/framework/src/Illuminate/Http/Response.php(34): Illuminate\\Http\\Response->setContent()
#7 /media/mydisk/Project/Test/Lahiru/esoft/hotel-reservation/vendor/laravel/framework/src/Illuminate/Routing/Router.php(924): Illuminate\\Http\\Response->__construct()
#8 /media/mydisk/Project/Test/Lahiru/esoft/hotel-reservation/vendor/laravel/framework/src/Illuminate/Routing/Router.php(891): Illuminate\\Routing\\Router::toResponse()
#9 /media/mydisk/Project/Test/Lahiru/esoft/hotel-reservation/vendor/laravel/framework/src/Illuminate/Routing/Router.php(807): Illuminate\\Routing\\Router->prepareResponse()
#10 /media/mydisk/Project/Test/Lahiru/esoft/hotel-reservation/vendor/laravel/framework/src/Illuminate/Pipeline/Pipeline.php(169): Illuminate\\Routing\\Router->Illuminate\\Routing\\{closure}()
#11 /media/mydisk/Project/Test/Lahiru/esoft/hotel-reservation/vendor/spatie/laravel-permission/src/Middleware/RoleOrPermissionMiddleware.php(39): Illuminate\\Pipeline\\Pipeline->Illuminate\\Pipeline\\{closure}()
#12 /media/mydisk/Project/Test/Lahiru/esoft/hotel-reservation/vendor/laravel/framework/src/Illuminate/Pipeline/Pipeline.php(208): Spatie\\Permission\\Middleware\\RoleOrPermissionMiddleware->handle()
#13 /media/mydisk/Project/Test/Lahiru/esoft/hotel-reservation/app/Http/Middleware/CheckRole.php(20): Illuminate\\Pipeline\\Pipeline->Illuminate\\Pipeline\\{closure}()
#14 /media/mydisk/Project/Test/Lahiru/esoft/hotel-reservation/vendor/laravel/framework/src/Illuminate/Pipeline/Pipeline.php(208): App\\Http\\Middleware\\CheckRole->handle()
#15 /media/mydisk/Project/Test/Lahiru/esoft/hotel-reservation/vendor/laravel/framework/src/Illuminate/Routing/Middleware/SubstituteBindings.php(50): Illuminate\\Pipeline\\Pipeline->Illuminate\\Pipeline\\{closure}()
#16 /media/mydisk/Project/Test/Lahiru/esoft/hotel-reservation/vendor/laravel/framework/src/Illuminate/Pipeline/Pipeline.php(208): Illuminate\\Routing\\Middleware\\SubstituteBindings->handle()
#17 /media/mydisk/Project/Test/Lahiru/esoft/hotel-reservation/vendor/laravel/framework/src/Illuminate/Foundation/Http/Middleware/VerifyCsrfToken.php(87): Illuminate\\Pipeline\\Pipeline->Illuminate\\Pipeline\\{closure}()
#18 /media/mydisk/Project/Test/Lahiru/esoft/hotel-reservation/vendor/laravel/framework/src/Illuminate/Pipeline/Pipeline.php(208): Illuminate\\Foundation\\Http\\Middleware\\VerifyCsrfToken->handle()
#19 /media/mydisk/Project/Test/Lahiru/esoft/hotel-reservation/vendor/laravel/framework/src/Illuminate/View/Middleware/ShareErrorsFromSession.php(48): Illuminate\\Pipeline\\Pipeline->Illuminate\\Pipeline\\{closure}()
#20 /media/mydisk/Project/Test/Lahiru/esoft/hotel-reservation/vendor/laravel/framework/src/Illuminate/Pipeline/Pipeline.php(208): Illuminate\\View\\Middleware\\ShareErrorsFromSession->handle()
#21 /media/mydisk/Project/Test/Lahiru/esoft/hotel-reservation/vendor/laravel/framework/src/Illuminate/Session/Middleware/StartSession.php(120): Illuminate\\Pipeline\\Pipeline->Illuminate\\Pipeline\\{closure}()
#22 /media/mydisk/Project/Test/Lahiru/esoft/hotel-reservation/vendor/laravel/framework/src/Illuminate/Session/Middleware/StartSession.php(63): Illuminate\\Session\\Middleware\\StartSession->handleStatefulRequest()
#23 /media/mydisk/Project/Test/Lahiru/esoft/hotel-reservation/vendor/laravel/framework/src/Illuminate/Pipeline/Pipeline.php(208): Illuminate\\Session\\Middleware\\StartSession->handle()
#24 /media/mydisk/Project/Test/Lahiru/esoft/hotel-reservation/vendor/laravel/framework/src/Illuminate/Cookie/Middleware/AddQueuedCookiesToResponse.php(36): Illuminate\\Pipeline\\Pipeline->Illuminate\\Pipeline\\{closure}()
#25 /media/mydisk/Project/Test/Lahiru/esoft/hotel-reservation/vendor/laravel/framework/src/Illuminate/Pipeline/Pipeline.php(208): Illuminate\\Cookie\\Middleware\\AddQueuedCookiesToResponse->handle()
#26 /media/mydisk/Project/Test/Lahiru/esoft/hotel-reservation/vendor/laravel/framework/src/Illuminate/Cookie/Middleware/EncryptCookies.php(74): Illuminate\\Pipeline\\Pipeline->Illuminate\\Pipeline\\{closure}()
#27 /media/mydisk/Project/Test/Lahiru/esoft/hotel-reservation/vendor/laravel/framework/src/Illuminate/Pipeline/Pipeline.php(208): Illuminate\\Cookie\\Middleware\\EncryptCookies->handle()
#28 /media/mydisk/Project/Test/Lahiru/esoft/hotel-reservation/vendor/laravel/framework/src/Illuminate/Pipeline/Pipeline.php(126): Illuminate\\Pipeline\\Pipeline->Illuminate\\Pipeline\\{closure}()
#29 /media/mydisk/Project/Test/Lahiru/esoft/hotel-reservation/vendor/laravel/framework/src/Illuminate/Routing/Router.php(807): Illuminate\\Pipeline\\Pipeline->then()
#30 /media/mydisk/Project/Test/Lahiru/esoft/hotel-reservation/vendor/laravel/framework/src/Illuminate/Routing/Router.php(786): Illuminate\\Routing\\Router->runRouteWithinStack()
#31 /media/mydisk/Project/Test/Lahiru/esoft/hotel-reservation/vendor/laravel/framework/src/Illuminate/Routing/Router.php(750): Illuminate\\Routing\\Router->runRoute()
#32 /media/mydisk/Project/Test/Lahiru/esoft/hotel-reservation/vendor/laravel/framework/src/Illuminate/Routing/Router.php(739): Illuminate\\Routing\\Router->dispatchToRoute()
#33 /media/mydisk/Project/Test/Lahiru/esoft/hotel-reservation/vendor/laravel/framework/src/Illuminate/Foundation/Http/Kernel.php(200): Illuminate\\Routing\\Router->dispatch()
#34 /media/mydisk/Project/Test/Lahiru/esoft/hotel-reservation/vendor/laravel/framework/src/Illuminate/Pipeline/Pipeline.php(169): Illuminate\\Foundation\\Http\\Kernel->Illuminate\\Foundation\\Http\\{closure}()
#35 /media/mydisk/Project/Test/Lahiru/esoft/hotel-reservation/vendor/laravel/framework/src/Illuminate/Foundation/Http/Middleware/TransformsRequest.php(21): Illuminate\\Pipeline\\Pipeline->Illuminate\\Pipeline\\{closure}()
#36 /media/mydisk/Project/Test/Lahiru/esoft/hotel-reservation/vendor/laravel/framework/src/Illuminate/Foundation/Http/Middleware/ConvertEmptyStringsToNull.php(31): Illuminate\\Foundation\\Http\\Middleware\\TransformsRequest->handle()
#37 /media/mydisk/Project/Test/Lahiru/esoft/hotel-reservation/vendor/laravel/framework/src/Illuminate/Pipeline/Pipeline.php(208): Illuminate\\Foundation\\Http\\Middleware\\ConvertEmptyStringsToNull->handle()
#38 /media/mydisk/Project/Test/Lahiru/esoft/hotel-reservation/vendor/laravel/framework/src/Illuminate/Foundation/Http/Middleware/TransformsRequest.php(21): Illuminate\\Pipeline\\Pipeline->Illuminate\\Pipeline\\{closure}()
#39 /media/mydisk/Project/Test/Lahiru/esoft/hotel-reservation/vendor/laravel/framework/src/Illuminate/Foundation/Http/Middleware/TrimStrings.php(51): Illuminate\\Foundation\\Http\\Middleware\\TransformsRequest->handle()
#40 /media/mydisk/Project/Test/Lahiru/esoft/hotel-reservation/vendor/laravel/framework/src/Illuminate/Pipeline/Pipeline.php(208): Illuminate\\Foundation\\Http\\Middleware\\TrimStrings->handle()
#41 /media/mydisk/Project/Test/Lahiru/esoft/hotel-reservation/vendor/laravel/framework/src/Illuminate/Http/Middleware/ValidatePostSize.php(27): Illuminate\\Pipeline\\Pipeline->Illuminate\\Pipeline\\{closure}()
#42 /media/mydisk/Project/Test/Lahiru/esoft/hotel-reservation/vendor/laravel/framework/src/Illuminate/Pipeline/Pipeline.php(208): Illuminate\\Http\\Middleware\\ValidatePostSize->handle()
#43 /media/mydisk/Project/Test/Lahiru/esoft/hotel-reservation/vendor/laravel/framework/src/Illuminate/Foundation/Http/Middleware/PreventRequestsDuringMaintenance.php(109): Illuminate\\Pipeline\\Pipeline->Illuminate\\Pipeline\\{closure}()
#44 /media/mydisk/Project/Test/Lahiru/esoft/hotel-reservation/vendor/laravel/framework/src/Illuminate/Pipeline/Pipeline.php(208): Illuminate\\Foundation\\Http\\Middleware\\PreventRequestsDuringMaintenance->handle()
#45 /media/mydisk/Project/Test/Lahiru/esoft/hotel-reservation/vendor/laravel/framework/src/Illuminate/Http/Middleware/HandleCors.php(48): Illuminate\\Pipeline\\Pipeline->Illuminate\\Pipeline\\{closure}()
#46 /media/mydisk/Project/Test/Lahiru/esoft/hotel-reservation/vendor/laravel/framework/src/Illuminate/Pipeline/Pipeline.php(208): Illuminate\\Http\\Middleware\\HandleCors->handle()
#47 /media/mydisk/Project/Test/Lahiru/esoft/hotel-reservation/vendor/laravel/framework/src/Illuminate/Http/Middleware/TrustProxies.php(58): Illuminate\\Pipeline\\Pipeline->Illuminate\\Pipeline\\{closure}()
#48 /media/mydisk/Project/Test/Lahiru/esoft/hotel-reservation/vendor/laravel/framework/src/Illuminate/Pipeline/Pipeline.php(208): Illuminate\\Http\\Middleware\\TrustProxies->handle()
#49 /media/mydisk/Project/Test/Lahiru/esoft/hotel-reservation/vendor/laravel/framework/src/Illuminate/Foundation/Http/Middleware/InvokeDeferredCallbacks.php(22): Illuminate\\Pipeline\\Pipeline->Illuminate\\Pipeline\\{closure}()
#50 /media/mydisk/Project/Test/Lahiru/esoft/hotel-reservation/vendor/laravel/framework/src/Illuminate/Pipeline/Pipeline.php(208): Illuminate\\Foundation\\Http\\Middleware\\InvokeDeferredCallbacks->handle()
#51 /media/mydisk/Project/Test/Lahiru/esoft/hotel-reservation/vendor/laravel/framework/src/Illuminate/Http/Middleware/ValidatePathEncoding.php(26): Illuminate\\Pipeline\\Pipeline->Illuminate\\Pipeline\\{closure}()
#52 /media/mydisk/Project/Test/Lahiru/esoft/hotel-reservation/vendor/laravel/framework/src/Illuminate/Pipeline/Pipeline.php(208): Illuminate\\Http\\Middleware\\ValidatePathEncoding->handle()
#53 /media/mydisk/Project/Test/Lahiru/esoft/hotel-reservation/vendor/laravel/framework/src/Illuminate/Pipeline/Pipeline.php(126): Illuminate\\Pipeline\\Pipeline->Illuminate\\Pipeline\\{closure}()
#54 /media/mydisk/Project/Test/Lahiru/esoft/hotel-reservation/vendor/laravel/framework/src/Illuminate/Foundation/Http/Kernel.php(175): Illuminate\\Pipeline\\Pipeline->then()
#55 /media/mydisk/Project/Test/Lahiru/esoft/hotel-reservation/vendor/laravel/framework/src/Illuminate/Foundation/Http/Kernel.php(144): Illuminate\\Foundation\\Http\\Kernel->sendRequestThroughRouter()
#56 /media/mydisk/Project/Test/Lahiru/esoft/hotel-reservation/vendor/laravel/framework/src/Illuminate/Foundation/Application.php(1219): Illuminate\\Foundation\\Http\\Kernel->handle()
#57 /media/mydisk/Project/Test/Lahiru/esoft/hotel-reservation/public/index.php(20): Illuminate\\Foundation\\Application->handleRequest()
#58 /media/mydisk/Project/Test/Lahiru/esoft/hotel-reservation/vendor/laravel/framework/src/Illuminate/Foundation/resources/server.php(23): require_once('...')
#59 {main}

[previous exception] [object] (ArgumentCountError(code: 0): Too few arguments to function route(), 0 passed in /media/mydisk/Project/Test/Lahiru/esoft/hotel-reservation/storage/framework/views/d191ae38aac89b73244c9eeeae64f75d.php on line 10 and at least 1 expected at /media/mydisk/Project/Test/Lahiru/esoft/hotel-reservation/vendor/laravel/framework/src/Illuminate/Foundation/helpers.php:854)
[stacktrace]
#0 /media/mydisk/Project/Test/Lahiru/esoft/hotel-reservation/storage/framework/views/d191ae38aac89b73244c9eeeae64f75d.php(10): route()
#1 /media/mydisk/Project/Test/Lahiru/esoft/hotel-reservation/vendor/laravel/framework/src/Illuminate/Filesystem/Filesystem.php(123): require('...')
#2 /media/mydisk/Project/Test/Lahiru/esoft/hotel-reservation/vendor/laravel/framework/src/Illuminate/Filesystem/Filesystem.php(124): Illuminate\\Filesystem\\Filesystem::Illuminate\\Filesystem\\{closure}()
#3 /media/mydisk/Project/Test/Lahiru/esoft/hotel-reservation/vendor/laravel/framework/src/Illuminate/View/Engines/PhpEngine.php(57): Illuminate\\Filesystem\\Filesystem->getRequire()
#4 /media/mydisk/Project/Test/Lahiru/esoft/hotel-reservation/vendor/laravel/framework/src/Illuminate/View/Engines/CompilerEngine.php(74): Illuminate\\View\\Engines\\PhpEngine->evaluatePath()
#5 /media/mydisk/Project/Test/Lahiru/esoft/hotel-reservation/vendor/laravel/framework/src/Illuminate/View/View.php(208): Illuminate\\View\\Engines\\CompilerEngine->get()
#6 /media/mydisk/Project/Test/Lahiru/esoft/hotel-reservation/vendor/laravel/framework/src/Illuminate/View/View.php(191): Illuminate\\View\\View->getContents()
#7 /media/mydisk/Project/Test/Lahiru/esoft/hotel-reservation/vendor/laravel/framework/src/Illuminate/View/View.php(160): Illuminate\\View\\View->renderContents()
#8 /media/mydisk/Project/Test/Lahiru/esoft/hotel-reservation/vendor/laravel/framework/src/Illuminate/Http/Response.php(78): Illuminate\\View\\View->render()
#9 /media/mydisk/Project/Test/Lahiru/esoft/hotel-reservation/vendor/laravel/framework/src/Illuminate/Http/Response.php(34): Illuminate\\Http\\Response->setContent()
#10 /media/mydisk/Project/Test/Lahiru/esoft/hotel-reservation/vendor/laravel/framework/src/Illuminate/Routing/Router.php(924): Illuminate\\Http\\Response->__construct()
#11 /media/mydisk/Project/Test/Lahiru/esoft/hotel-reservation/vendor/laravel/framework/src/Illuminate/Routing/Router.php(891): Illuminate\\Routing\\Router::toResponse()
#12 /media/mydisk/Project/Test/Lahiru/esoft/hotel-reservation/vendor/laravel/framework/src/Illuminate/Routing/Router.php(807): Illuminate\\Routing\\Router->prepareResponse()
#13 /media/mydisk/Project/Test/Lahiru/esoft/hotel-reservation/vendor/laravel/framework/src/Illuminate/Pipeline/Pipeline.php(169): Illuminate\\Routing\\Router->Illuminate\\Routing\\{closure}()
#14 /media/mydisk/Project/Test/Lahiru/esoft/hotel-reservation/vendor/spatie/laravel-permission/src/Middleware/RoleOrPermissionMiddleware.php(39): Illuminate\\Pipeline\\Pipeline->Illuminate\\Pipeline\\{closure}()
#15 /media/mydisk/Project/Test/Lahiru/esoft/hotel-reservation/vendor/laravel/framework/src/Illuminate/Pipeline/Pipeline.php(208): Spatie\\Permission\\Middleware\\RoleOrPermissionMiddleware->handle()
#16 /media/mydisk/Project/Test/Lahiru/esoft/hotel-reservation/app/Http/Middleware/CheckRole.php(20): Illuminate\\Pipeline\\Pipeline->Illuminate\\Pipeline\\{closure}()
#17 /media/mydisk/Project/Test/Lahiru/esoft/hotel-reservation/vendor/laravel/framework/src/Illuminate/Pipeline/Pipeline.php(208): App\\Http\\Middleware\\CheckRole->handle()
#18 /media/mydisk/Project/Test/Lahiru/esoft/hotel-reservation/vendor/laravel/framework/src/Illuminate/Routing/Middleware/SubstituteBindings.php(50): Illuminate\\Pipeline\\Pipeline->Illuminate\\Pipeline\\{closure}()
#19 /media/mydisk/Project/Test/Lahiru/esoft/hotel-reservation/vendor/laravel/framework/src/Illuminate/Pipeline/Pipeline.php(208): Illuminate\\Routing\\Middleware\\SubstituteBindings->handle()
#20 /media/mydisk/Project/Test/Lahiru/esoft/hotel-reservation/vendor/laravel/framework/src/Illuminate/Foundation/Http/Middleware/VerifyCsrfToken.php(87): Illuminate\\Pipeline\\Pipeline->Illuminate\\Pipeline\\{closure}()
#21 /media/mydisk/Project/Test/Lahiru/esoft/hotel-reservation/vendor/laravel/framework/src/Illuminate/Pipeline/Pipeline.php(208): Illuminate\\Foundation\\Http\\Middleware\\VerifyCsrfToken->handle()
#22 /media/mydisk/Project/Test/Lahiru/esoft/hotel-reservation/vendor/laravel/framework/src/Illuminate/View/Middleware/ShareErrorsFromSession.php(48): Illuminate\\Pipeline\\Pipeline->Illuminate\\Pipeline\\{closure}()
#23 /media/mydisk/Project/Test/Lahiru/esoft/hotel-reservation/vendor/laravel/framework/src/Illuminate/Pipeline/Pipeline.php(208): Illuminate\\View\\Middleware\\ShareErrorsFromSession->handle()
#24 /media/mydisk/Project/Test/Lahiru/esoft/hotel-reservation/vendor/laravel/framework/src/Illuminate/Session/Middleware/StartSession.php(120): Illuminate\\Pipeline\\Pipeline->Illuminate\\Pipeline\\{closure}()
#25 /media/mydisk/Project/Test/Lahiru/esoft/hotel-reservation/vendor/laravel/framework/src/Illuminate/Session/Middleware/StartSession.php(63): Illuminate\\Session\\Middleware\\StartSession->handleStatefulRequest()
#26 /media/mydisk/Project/Test/Lahiru/esoft/hotel-reservation/vendor/laravel/framework/src/Illuminate/Pipeline/Pipeline.php(208): Illuminate\\Session\\Middleware\\StartSession->handle()
#27 /media/mydisk/Project/Test/Lahiru/esoft/hotel-reservation/vendor/laravel/framework/src/Illuminate/Cookie/Middleware/AddQueuedCookiesToResponse.php(36): Illuminate\\Pipeline\\Pipeline->Illuminate\\Pipeline\\{closure}()
#28 /media/mydisk/Project/Test/Lahiru/esoft/hotel-reservation/vendor/laravel/framework/src/Illuminate/Pipeline/Pipeline.php(208): Illuminate\\Cookie\\Middleware\\AddQueuedCookiesToResponse->handle()
#29 /media/mydisk/Project/Test/Lahiru/esoft/hotel-reservation/vendor/laravel/framework/src/Illuminate/Cookie/Middleware/EncryptCookies.php(74): Illuminate\\Pipeline\\Pipeline->Illuminate\\Pipeline\\{closure}()
#30 /media/mydisk/Project/Test/Lahiru/esoft/hotel-reservation/vendor/laravel/framework/src/Illuminate/Pipeline/Pipeline.php(208): Illuminate\\Cookie\\Middleware\\EncryptCookies->handle()
#31 /media/mydisk/Project/Test/Lahiru/esoft/hotel-reservation/vendor/laravel/framework/src/Illuminate/Pipeline/Pipeline.php(126): Illuminate\\Pipeline\\Pipeline->Illuminate\\Pipeline\\{closure}()
#32 /media/mydisk/Project/Test/Lahiru/esoft/hotel-reservation/vendor/laravel/framework/src/Illuminate/Routing/Router.php(807): Illuminate\\Pipeline\\Pipeline->then()
#33 /media/mydisk/Project/Test/Lahiru/esoft/hotel-reservation/vendor/laravel/framework/src/Illuminate/Routing/Router.php(786): Illuminate\\Routing\\Router->runRouteWithinStack()
#34 /media/mydisk/Project/Test/Lahiru/esoft/hotel-reservation/vendor/laravel/framework/src/Illuminate/Routing/Router.php(750): Illuminate\\Routing\\Router->runRoute()
#35 /media/mydisk/Project/Test/Lahiru/esoft/hotel-reservation/vendor/laravel/framework/src/Illuminate/Routing/Router.php(739): Illuminate\\Routing\\Router->dispatchToRoute()
#36 /media/mydisk/Project/Test/Lahiru/esoft/hotel-reservation/vendor/laravel/framework/src/Illuminate/Foundation/Http/Kernel.php(200): Illuminate\\Routing\\Router->dispatch()
#37 /media/mydisk/Project/Test/Lahiru/esoft/hotel-reservation/vendor/laravel/framework/src/Illuminate/Pipeline/Pipeline.php(169): Illuminate\\Foundation\\Http\\Kernel->Illuminate\\Foundation\\Http\\{closure}()
#38 /media/mydisk/Project/Test/Lahiru/esoft/hotel-reservation/vendor/laravel/framework/src/Illuminate/Foundation/Http/Middleware/TransformsRequest.php(21): Illuminate\\Pipeline\\Pipeline->Illuminate\\Pipeline\\{closure}()
#39 /media/mydisk/Project/Test/Lahiru/esoft/hotel-reservation/vendor/laravel/framework/src/Illuminate/Foundation/Http/Middleware/ConvertEmptyStringsToNull.php(31): Illuminate\\Foundation\\Http\\Middleware\\TransformsRequest->handle()
#40 /media/mydisk/Project/Test/Lahiru/esoft/hotel-reservation/vendor/laravel/framework/src/Illuminate/Pipeline/Pipeline.php(208): Illuminate\\Foundation\\Http\\Middleware\\ConvertEmptyStringsToNull->handle()
#41 /media/mydisk/Project/Test/Lahiru/esoft/hotel-reservation/vendor/laravel/framework/src/Illuminate/Foundation/Http/Middleware/TransformsRequest.php(21): Illuminate\\Pipeline\\Pipeline->Illuminate\\Pipeline\\{closure}()
#42 /media/mydisk/Project/Test/Lahiru/esoft/hotel-reservation/vendor/laravel/framework/src/Illuminate/Foundation/Http/Middleware/TrimStrings.php(51): Illuminate\\Foundation\\Http\\Middleware\\TransformsRequest->handle()
#43 /media/mydisk/Project/Test/Lahiru/esoft/hotel-reservation/vendor/laravel/framework/src/Illuminate/Pipeline/Pipeline.php(208): Illuminate\\Foundation\\Http\\Middleware\\TrimStrings->handle()
#44 /media/mydisk/Project/Test/Lahiru/esoft/hotel-reservation/vendor/laravel/framework/src/Illuminate/Http/Middleware/ValidatePostSize.php(27): Illuminate\\Pipeline\\Pipeline->Illuminate\\Pipeline\\{closure}()
#45 /media/mydisk/Project/Test/Lahiru/esoft/hotel-reservation/vendor/laravel/framework/src/Illuminate/Pipeline/Pipeline.php(208): Illuminate\\Http\\Middleware\\ValidatePostSize->handle()
#46 /media/mydisk/Project/Test/Lahiru/esoft/hotel-reservation/vendor/laravel/framework/src/Illuminate/Foundation/Http/Middleware/PreventRequestsDuringMaintenance.php(109): Illuminate\\Pipeline\\Pipeline->Illuminate\\Pipeline\\{closure}()
#47 /media/mydisk/Project/Test/Lahiru/esoft/hotel-reservation/vendor/laravel/framework/src/Illuminate/Pipeline/Pipeline.php(208): Illuminate\\Foundation\\Http\\Middleware\\PreventRequestsDuringMaintenance->handle()
#48 /media/mydisk/Project/Test/Lahiru/esoft/hotel-reservation/vendor/laravel/framework/src/Illuminate/Http/Middleware/HandleCors.php(48): Illuminate\\Pipeline\\Pipeline->Illuminate\\Pipeline\\{closure}()
#49 /media/mydisk/Project/Test/Lahiru/esoft/hotel-reservation/vendor/laravel/framework/src/Illuminate/Pipeline/Pipeline.php(208): Illuminate\\Http\\Middleware\\HandleCors->handle()
#50 /media/mydisk/Project/Test/Lahiru/esoft/hotel-reservation/vendor/laravel/framework/src/Illuminate/Http/Middleware/TrustProxies.php(58): Illuminate\\Pipeline\\Pipeline->Illuminate\\Pipeline\\{closure}()
#51 /media/mydisk/Project/Test/Lahiru/esoft/hotel-reservation/vendor/laravel/framework/src/Illuminate/Pipeline/Pipeline.php(208): Illuminate\\Http\\Middleware\\TrustProxies->handle()
#52 /media/mydisk/Project/Test/Lahiru/esoft/hotel-reservation/vendor/laravel/framework/src/Illuminate/Foundation/Http/Middleware/InvokeDeferredCallbacks.php(22): Illuminate\\Pipeline\\Pipeline->Illuminate\\Pipeline\\{closure}()
#53 /media/mydisk/Project/Test/Lahiru/esoft/hotel-reservation/vendor/laravel/framework/src/Illuminate/Pipeline/Pipeline.php(208): Illuminate\\Foundation\\Http\\Middleware\\InvokeDeferredCallbacks->handle()
#54 /media/mydisk/Project/Test/Lahiru/esoft/hotel-reservation/vendor/laravel/framework/src/Illuminate/Http/Middleware/ValidatePathEncoding.php(26): Illuminate\\Pipeline\\Pipeline->Illuminate\\Pipeline\\{closure}()
#55 /media/mydisk/Project/Test/Lahiru/esoft/hotel-reservation/vendor/laravel/framework/src/Illuminate/Pipeline/Pipeline.php(208): Illuminate\\Http\\Middleware\\ValidatePathEncoding->handle()
#56 /media/mydisk/Project/Test/Lahiru/esoft/hotel-reservation/vendor/laravel/framework/src/Illuminate/Pipeline/Pipeline.php(126): Illuminate\\Pipeline\\Pipeline->Illuminate\\Pipeline\\{closure}()
#57 /media/mydisk/Project/Test/Lahiru/esoft/hotel-reservation/vendor/laravel/framework/src/Illuminate/Foundation/Http/Kernel.php(175): Illuminate\\Pipeline\\Pipeline->then()
#58 /media/mydisk/Project/Test/Lahiru/esoft/hotel-reservation/vendor/laravel/framework/src/Illuminate/Foundation/Http/Kernel.php(144): Illuminate\\Foundation\\Http\\Kernel->sendRequestThroughRouter()
#59 /media/mydisk/Project/Test/Lahiru/esoft/hotel-reservation/vendor/laravel/framework/src/Illuminate/Foundation/Application.php(1219): Illuminate\\Foundation\\Http\\Kernel->handle()
#60 /media/mydisk/Project/Test/Lahiru/esoft/hotel-reservation/public/index.php(20): Illuminate\\Foundation\\Application->handleRequest()
#61 /media/mydisk/Project/Test/Lahiru/esoft/hotel-reservation/vendor/laravel/framework/src/Illuminate/Foundation/resources/server.php(23): require_once('...')
#62 {main}
"} 
[2025-05-31 19:08:52] local.ERROR: Route [admin] not defined. (View: /media/mydisk/Project/Test/Lahiru/esoft/hotel-reservation/resources/views/admin/users/hotel-clerks/index.blade.php) {"userId":3,"exception":"[object] (Illuminate\\View\\ViewException(code: 0): Route [admin] not defined. (View: /media/mydisk/Project/Test/Lahiru/esoft/hotel-reservation/resources/views/admin/users/hotel-clerks/index.blade.php) at /media/mydisk/Project/Test/Lahiru/esoft/hotel-reservation/vendor/laravel/framework/src/Illuminate/Routing/UrlGenerator.php:526)
[stacktrace]
#0 /media/mydisk/Project/Test/Lahiru/esoft/hotel-reservation/vendor/laravel/framework/src/Illuminate/View/Engines/PhpEngine.php(59): Illuminate\\View\\Engines\\CompilerEngine->handleViewException()
#1 /media/mydisk/Project/Test/Lahiru/esoft/hotel-reservation/vendor/laravel/framework/src/Illuminate/View/Engines/CompilerEngine.php(74): Illuminate\\View\\Engines\\PhpEngine->evaluatePath()
#2 /media/mydisk/Project/Test/Lahiru/esoft/hotel-reservation/vendor/laravel/framework/src/Illuminate/View/View.php(208): Illuminate\\View\\Engines\\CompilerEngine->get()
#3 /media/mydisk/Project/Test/Lahiru/esoft/hotel-reservation/vendor/laravel/framework/src/Illuminate/View/View.php(191): Illuminate\\View\\View->getContents()
#4 /media/mydisk/Project/Test/Lahiru/esoft/hotel-reservation/vendor/laravel/framework/src/Illuminate/View/View.php(160): Illuminate\\View\\View->renderContents()
#5 /media/mydisk/Project/Test/Lahiru/esoft/hotel-reservation/vendor/laravel/framework/src/Illuminate/Http/Response.php(78): Illuminate\\View\\View->render()
#6 /media/mydisk/Project/Test/Lahiru/esoft/hotel-reservation/vendor/laravel/framework/src/Illuminate/Http/Response.php(34): Illuminate\\Http\\Response->setContent()
#7 /media/mydisk/Project/Test/Lahiru/esoft/hotel-reservation/vendor/laravel/framework/src/Illuminate/Routing/Router.php(924): Illuminate\\Http\\Response->__construct()
#8 /media/mydisk/Project/Test/Lahiru/esoft/hotel-reservation/vendor/laravel/framework/src/Illuminate/Routing/Router.php(891): Illuminate\\Routing\\Router::toResponse()
#9 /media/mydisk/Project/Test/Lahiru/esoft/hotel-reservation/vendor/laravel/framework/src/Illuminate/Routing/Router.php(807): Illuminate\\Routing\\Router->prepareResponse()
#10 /media/mydisk/Project/Test/Lahiru/esoft/hotel-reservation/vendor/laravel/framework/src/Illuminate/Pipeline/Pipeline.php(169): Illuminate\\Routing\\Router->Illuminate\\Routing\\{closure}()
#11 /media/mydisk/Project/Test/Lahiru/esoft/hotel-reservation/vendor/spatie/laravel-permission/src/Middleware/RoleOrPermissionMiddleware.php(39): Illuminate\\Pipeline\\Pipeline->Illuminate\\Pipeline\\{closure}()
#12 /media/mydisk/Project/Test/Lahiru/esoft/hotel-reservation/vendor/laravel/framework/src/Illuminate/Pipeline/Pipeline.php(208): Spatie\\Permission\\Middleware\\RoleOrPermissionMiddleware->handle()
#13 /media/mydisk/Project/Test/Lahiru/esoft/hotel-reservation/app/Http/Middleware/CheckRole.php(20): Illuminate\\Pipeline\\Pipeline->Illuminate\\Pipeline\\{closure}()
#14 /media/mydisk/Project/Test/Lahiru/esoft/hotel-reservation/vendor/laravel/framework/src/Illuminate/Pipeline/Pipeline.php(208): App\\Http\\Middleware\\CheckRole->handle()
#15 /media/mydisk/Project/Test/Lahiru/esoft/hotel-reservation/vendor/laravel/framework/src/Illuminate/Routing/Middleware/SubstituteBindings.php(50): Illuminate\\Pipeline\\Pipeline->Illuminate\\Pipeline\\{closure}()
#16 /media/mydisk/Project/Test/Lahiru/esoft/hotel-reservation/vendor/laravel/framework/src/Illuminate/Pipeline/Pipeline.php(208): Illuminate\\Routing\\Middleware\\SubstituteBindings->handle()
#17 /media/mydisk/Project/Test/Lahiru/esoft/hotel-reservation/vendor/laravel/framework/src/Illuminate/Foundation/Http/Middleware/VerifyCsrfToken.php(87): Illuminate\\Pipeline\\Pipeline->Illuminate\\Pipeline\\{closure}()
#18 /media/mydisk/Project/Test/Lahiru/esoft/hotel-reservation/vendor/laravel/framework/src/Illuminate/Pipeline/Pipeline.php(208): Illuminate\\Foundation\\Http\\Middleware\\VerifyCsrfToken->handle()
#19 /media/mydisk/Project/Test/Lahiru/esoft/hotel-reservation/vendor/laravel/framework/src/Illuminate/View/Middleware/ShareErrorsFromSession.php(48): Illuminate\\Pipeline\\Pipeline->Illuminate\\Pipeline\\{closure}()
#20 /media/mydisk/Project/Test/Lahiru/esoft/hotel-reservation/vendor/laravel/framework/src/Illuminate/Pipeline/Pipeline.php(208): Illuminate\\View\\Middleware\\ShareErrorsFromSession->handle()
#21 /media/mydisk/Project/Test/Lahiru/esoft/hotel-reservation/vendor/laravel/framework/src/Illuminate/Session/Middleware/StartSession.php(120): Illuminate\\Pipeline\\Pipeline->Illuminate\\Pipeline\\{closure}()
#22 /media/mydisk/Project/Test/Lahiru/esoft/hotel-reservation/vendor/laravel/framework/src/Illuminate/Session/Middleware/StartSession.php(63): Illuminate\\Session\\Middleware\\StartSession->handleStatefulRequest()
#23 /media/mydisk/Project/Test/Lahiru/esoft/hotel-reservation/vendor/laravel/framework/src/Illuminate/Pipeline/Pipeline.php(208): Illuminate\\Session\\Middleware\\StartSession->handle()
#24 /media/mydisk/Project/Test/Lahiru/esoft/hotel-reservation/vendor/laravel/framework/src/Illuminate/Cookie/Middleware/AddQueuedCookiesToResponse.php(36): Illuminate\\Pipeline\\Pipeline->Illuminate\\Pipeline\\{closure}()
#25 /media/mydisk/Project/Test/Lahiru/esoft/hotel-reservation/vendor/laravel/framework/src/Illuminate/Pipeline/Pipeline.php(208): Illuminate\\Cookie\\Middleware\\AddQueuedCookiesToResponse->handle()
#26 /media/mydisk/Project/Test/Lahiru/esoft/hotel-reservation/vendor/laravel/framework/src/Illuminate/Cookie/Middleware/EncryptCookies.php(74): Illuminate\\Pipeline\\Pipeline->Illuminate\\Pipeline\\{closure}()
#27 /media/mydisk/Project/Test/Lahiru/esoft/hotel-reservation/vendor/laravel/framework/src/Illuminate/Pipeline/Pipeline.php(208): Illuminate\\Cookie\\Middleware\\EncryptCookies->handle()
#28 /media/mydisk/Project/Test/Lahiru/esoft/hotel-reservation/vendor/laravel/framework/src/Illuminate/Pipeline/Pipeline.php(126): Illuminate\\Pipeline\\Pipeline->Illuminate\\Pipeline\\{closure}()
#29 /media/mydisk/Project/Test/Lahiru/esoft/hotel-reservation/vendor/laravel/framework/src/Illuminate/Routing/Router.php(807): Illuminate\\Pipeline\\Pipeline->then()
#30 /media/mydisk/Project/Test/Lahiru/esoft/hotel-reservation/vendor/laravel/framework/src/Illuminate/Routing/Router.php(786): Illuminate\\Routing\\Router->runRouteWithinStack()
#31 /media/mydisk/Project/Test/Lahiru/esoft/hotel-reservation/vendor/laravel/framework/src/Illuminate/Routing/Router.php(750): Illuminate\\Routing\\Router->runRoute()
#32 /media/mydisk/Project/Test/Lahiru/esoft/hotel-reservation/vendor/laravel/framework/src/Illuminate/Routing/Router.php(739): Illuminate\\Routing\\Router->dispatchToRoute()
#33 /media/mydisk/Project/Test/Lahiru/esoft/hotel-reservation/vendor/laravel/framework/src/Illuminate/Foundation/Http/Kernel.php(200): Illuminate\\Routing\\Router->dispatch()
#34 /media/mydisk/Project/Test/Lahiru/esoft/hotel-reservation/vendor/laravel/framework/src/Illuminate/Pipeline/Pipeline.php(169): Illuminate\\Foundation\\Http\\Kernel->Illuminate\\Foundation\\Http\\{closure}()
#35 /media/mydisk/Project/Test/Lahiru/esoft/hotel-reservation/vendor/laravel/framework/src/Illuminate/Foundation/Http/Middleware/TransformsRequest.php(21): Illuminate\\Pipeline\\Pipeline->Illuminate\\Pipeline\\{closure}()
#36 /media/mydisk/Project/Test/Lahiru/esoft/hotel-reservation/vendor/laravel/framework/src/Illuminate/Foundation/Http/Middleware/ConvertEmptyStringsToNull.php(31): Illuminate\\Foundation\\Http\\Middleware\\TransformsRequest->handle()
#37 /media/mydisk/Project/Test/Lahiru/esoft/hotel-reservation/vendor/laravel/framework/src/Illuminate/Pipeline/Pipeline.php(208): Illuminate\\Foundation\\Http\\Middleware\\ConvertEmptyStringsToNull->handle()
#38 /media/mydisk/Project/Test/Lahiru/esoft/hotel-reservation/vendor/laravel/framework/src/Illuminate/Foundation/Http/Middleware/TransformsRequest.php(21): Illuminate\\Pipeline\\Pipeline->Illuminate\\Pipeline\\{closure}()
#39 /media/mydisk/Project/Test/Lahiru/esoft/hotel-reservation/vendor/laravel/framework/src/Illuminate/Foundation/Http/Middleware/TrimStrings.php(51): Illuminate\\Foundation\\Http\\Middleware\\TransformsRequest->handle()
#40 /media/mydisk/Project/Test/Lahiru/esoft/hotel-reservation/vendor/laravel/framework/src/Illuminate/Pipeline/Pipeline.php(208): Illuminate\\Foundation\\Http\\Middleware\\TrimStrings->handle()
#41 /media/mydisk/Project/Test/Lahiru/esoft/hotel-reservation/vendor/laravel/framework/src/Illuminate/Http/Middleware/ValidatePostSize.php(27): Illuminate\\Pipeline\\Pipeline->Illuminate\\Pipeline\\{closure}()
#42 /media/mydisk/Project/Test/Lahiru/esoft/hotel-reservation/vendor/laravel/framework/src/Illuminate/Pipeline/Pipeline.php(208): Illuminate\\Http\\Middleware\\ValidatePostSize->handle()
#43 /media/mydisk/Project/Test/Lahiru/esoft/hotel-reservation/vendor/laravel/framework/src/Illuminate/Foundation/Http/Middleware/PreventRequestsDuringMaintenance.php(109): Illuminate\\Pipeline\\Pipeline->Illuminate\\Pipeline\\{closure}()
#44 /media/mydisk/Project/Test/Lahiru/esoft/hotel-reservation/vendor/laravel/framework/src/Illuminate/Pipeline/Pipeline.php(208): Illuminate\\Foundation\\Http\\Middleware\\PreventRequestsDuringMaintenance->handle()
#45 /media/mydisk/Project/Test/Lahiru/esoft/hotel-reservation/vendor/laravel/framework/src/Illuminate/Http/Middleware/HandleCors.php(48): Illuminate\\Pipeline\\Pipeline->Illuminate\\Pipeline\\{closure}()
#46 /media/mydisk/Project/Test/Lahiru/esoft/hotel-reservation/vendor/laravel/framework/src/Illuminate/Pipeline/Pipeline.php(208): Illuminate\\Http\\Middleware\\HandleCors->handle()
#47 /media/mydisk/Project/Test/Lahiru/esoft/hotel-reservation/vendor/laravel/framework/src/Illuminate/Http/Middleware/TrustProxies.php(58): Illuminate\\Pipeline\\Pipeline->Illuminate\\Pipeline\\{closure}()
#48 /media/mydisk/Project/Test/Lahiru/esoft/hotel-reservation/vendor/laravel/framework/src/Illuminate/Pipeline/Pipeline.php(208): Illuminate\\Http\\Middleware\\TrustProxies->handle()
#49 /media/mydisk/Project/Test/Lahiru/esoft/hotel-reservation/vendor/laravel/framework/src/Illuminate/Foundation/Http/Middleware/InvokeDeferredCallbacks.php(22): Illuminate\\Pipeline\\Pipeline->Illuminate\\Pipeline\\{closure}()
#50 /media/mydisk/Project/Test/Lahiru/esoft/hotel-reservation/vendor/laravel/framework/src/Illuminate/Pipeline/Pipeline.php(208): Illuminate\\Foundation\\Http\\Middleware\\InvokeDeferredCallbacks->handle()
#51 /media/mydisk/Project/Test/Lahiru/esoft/hotel-reservation/vendor/laravel/framework/src/Illuminate/Http/Middleware/ValidatePathEncoding.php(26): Illuminate\\Pipeline\\Pipeline->Illuminate\\Pipeline\\{closure}()
#52 /media/mydisk/Project/Test/Lahiru/esoft/hotel-reservation/vendor/laravel/framework/src/Illuminate/Pipeline/Pipeline.php(208): Illuminate\\Http\\Middleware\\ValidatePathEncoding->handle()
#53 /media/mydisk/Project/Test/Lahiru/esoft/hotel-reservation/vendor/laravel/framework/src/Illuminate/Pipeline/Pipeline.php(126): Illuminate\\Pipeline\\Pipeline->Illuminate\\Pipeline\\{closure}()
#54 /media/mydisk/Project/Test/Lahiru/esoft/hotel-reservation/vendor/laravel/framework/src/Illuminate/Foundation/Http/Kernel.php(175): Illuminate\\Pipeline\\Pipeline->then()
#55 /media/mydisk/Project/Test/Lahiru/esoft/hotel-reservation/vendor/laravel/framework/src/Illuminate/Foundation/Http/Kernel.php(144): Illuminate\\Foundation\\Http\\Kernel->sendRequestThroughRouter()
#56 /media/mydisk/Project/Test/Lahiru/esoft/hotel-reservation/vendor/laravel/framework/src/Illuminate/Foundation/Application.php(1219): Illuminate\\Foundation\\Http\\Kernel->handle()
#57 /media/mydisk/Project/Test/Lahiru/esoft/hotel-reservation/public/index.php(20): Illuminate\\Foundation\\Application->handleRequest()
#58 /media/mydisk/Project/Test/Lahiru/esoft/hotel-reservation/vendor/laravel/framework/src/Illuminate/Foundation/resources/server.php(23): require_once('...')
#59 {main}

[previous exception] [object] (Symfony\\Component\\Routing\\Exception\\RouteNotFoundException(code: 0): Route [admin] not defined. at /media/mydisk/Project/Test/Lahiru/esoft/hotel-reservation/vendor/laravel/framework/src/Illuminate/Routing/UrlGenerator.php:526)
[stacktrace]
#0 /media/mydisk/Project/Test/Lahiru/esoft/hotel-reservation/vendor/laravel/framework/src/Illuminate/Foundation/helpers.php(856): Illuminate\\Routing\\UrlGenerator->route()
#1 /media/mydisk/Project/Test/Lahiru/esoft/hotel-reservation/storage/framework/views/d191ae38aac89b73244c9eeeae64f75d.php(10): route()
#2 /media/mydisk/Project/Test/Lahiru/esoft/hotel-reservation/vendor/laravel/framework/src/Illuminate/Filesystem/Filesystem.php(123): require('...')
#3 /media/mydisk/Project/Test/Lahiru/esoft/hotel-reservation/vendor/laravel/framework/src/Illuminate/Filesystem/Filesystem.php(124): Illuminate\\Filesystem\\Filesystem::Illuminate\\Filesystem\\{closure}()
#4 /media/mydisk/Project/Test/Lahiru/esoft/hotel-reservation/vendor/laravel/framework/src/Illuminate/View/Engines/PhpEngine.php(57): Illuminate\\Filesystem\\Filesystem->getRequire()
#5 /media/mydisk/Project/Test/Lahiru/esoft/hotel-reservation/vendor/laravel/framework/src/Illuminate/View/Engines/CompilerEngine.php(74): Illuminate\\View\\Engines\\PhpEngine->evaluatePath()
#6 /media/mydisk/Project/Test/Lahiru/esoft/hotel-reservation/vendor/laravel/framework/src/Illuminate/View/View.php(208): Illuminate\\View\\Engines\\CompilerEngine->get()
#7 /media/mydisk/Project/Test/Lahiru/esoft/hotel-reservation/vendor/laravel/framework/src/Illuminate/View/View.php(191): Illuminate\\View\\View->getContents()
#8 /media/mydisk/Project/Test/Lahiru/esoft/hotel-reservation/vendor/laravel/framework/src/Illuminate/View/View.php(160): Illuminate\\View\\View->renderContents()
#9 /media/mydisk/Project/Test/Lahiru/esoft/hotel-reservation/vendor/laravel/framework/src/Illuminate/Http/Response.php(78): Illuminate\\View\\View->render()
#10 /media/mydisk/Project/Test/Lahiru/esoft/hotel-reservation/vendor/laravel/framework/src/Illuminate/Http/Response.php(34): Illuminate\\Http\\Response->setContent()
#11 /media/mydisk/Project/Test/Lahiru/esoft/hotel-reservation/vendor/laravel/framework/src/Illuminate/Routing/Router.php(924): Illuminate\\Http\\Response->__construct()
#12 /media/mydisk/Project/Test/Lahiru/esoft/hotel-reservation/vendor/laravel/framework/src/Illuminate/Routing/Router.php(891): Illuminate\\Routing\\Router::toResponse()
#13 /media/mydisk/Project/Test/Lahiru/esoft/hotel-reservation/vendor/laravel/framework/src/Illuminate/Routing/Router.php(807): Illuminate\\Routing\\Router->prepareResponse()
#14 /media/mydisk/Project/Test/Lahiru/esoft/hotel-reservation/vendor/laravel/framework/src/Illuminate/Pipeline/Pipeline.php(169): Illuminate\\Routing\\Router->Illuminate\\Routing\\{closure}()
#15 /media/mydisk/Project/Test/Lahiru/esoft/hotel-reservation/vendor/spatie/laravel-permission/src/Middleware/RoleOrPermissionMiddleware.php(39): Illuminate\\Pipeline\\Pipeline->Illuminate\\Pipeline\\{closure}()
#16 /media/mydisk/Project/Test/Lahiru/esoft/hotel-reservation/vendor/laravel/framework/src/Illuminate/Pipeline/Pipeline.php(208): Spatie\\Permission\\Middleware\\RoleOrPermissionMiddleware->handle()
#17 /media/mydisk/Project/Test/Lahiru/esoft/hotel-reservation/app/Http/Middleware/CheckRole.php(20): Illuminate\\Pipeline\\Pipeline->Illuminate\\Pipeline\\{closure}()
#18 /media/mydisk/Project/Test/Lahiru/esoft/hotel-reservation/vendor/laravel/framework/src/Illuminate/Pipeline/Pipeline.php(208): App\\Http\\Middleware\\CheckRole->handle()
#19 /media/mydisk/Project/Test/Lahiru/esoft/hotel-reservation/vendor/laravel/framework/src/Illuminate/Routing/Middleware/SubstituteBindings.php(50): Illuminate\\Pipeline\\Pipeline->Illuminate\\Pipeline\\{closure}()
#20 /media/mydisk/Project/Test/Lahiru/esoft/hotel-reservation/vendor/laravel/framework/src/Illuminate/Pipeline/Pipeline.php(208): Illuminate\\Routing\\Middleware\\SubstituteBindings->handle()
#21 /media/mydisk/Project/Test/Lahiru/esoft/hotel-reservation/vendor/laravel/framework/src/Illuminate/Foundation/Http/Middleware/VerifyCsrfToken.php(87): Illuminate\\Pipeline\\Pipeline->Illuminate\\Pipeline\\{closure}()
#22 /media/mydisk/Project/Test/Lahiru/esoft/hotel-reservation/vendor/laravel/framework/src/Illuminate/Pipeline/Pipeline.php(208): Illuminate\\Foundation\\Http\\Middleware\\VerifyCsrfToken->handle()
#23 /media/mydisk/Project/Test/Lahiru/esoft/hotel-reservation/vendor/laravel/framework/src/Illuminate/View/Middleware/ShareErrorsFromSession.php(48): Illuminate\\Pipeline\\Pipeline->Illuminate\\Pipeline\\{closure}()
#24 /media/mydisk/Project/Test/Lahiru/esoft/hotel-reservation/vendor/laravel/framework/src/Illuminate/Pipeline/Pipeline.php(208): Illuminate\\View\\Middleware\\ShareErrorsFromSession->handle()
#25 /media/mydisk/Project/Test/Lahiru/esoft/hotel-reservation/vendor/laravel/framework/src/Illuminate/Session/Middleware/StartSession.php(120): Illuminate\\Pipeline\\Pipeline->Illuminate\\Pipeline\\{closure}()
#26 /media/mydisk/Project/Test/Lahiru/esoft/hotel-reservation/vendor/laravel/framework/src/Illuminate/Session/Middleware/StartSession.php(63): Illuminate\\Session\\Middleware\\StartSession->handleStatefulRequest()
#27 /media/mydisk/Project/Test/Lahiru/esoft/hotel-reservation/vendor/laravel/framework/src/Illuminate/Pipeline/Pipeline.php(208): Illuminate\\Session\\Middleware\\StartSession->handle()
#28 /media/mydisk/Project/Test/Lahiru/esoft/hotel-reservation/vendor/laravel/framework/src/Illuminate/Cookie/Middleware/AddQueuedCookiesToResponse.php(36): Illuminate\\Pipeline\\Pipeline->Illuminate\\Pipeline\\{closure}()
#29 /media/mydisk/Project/Test/Lahiru/esoft/hotel-reservation/vendor/laravel/framework/src/Illuminate/Pipeline/Pipeline.php(208): Illuminate\\Cookie\\Middleware\\AddQueuedCookiesToResponse->handle()
#30 /media/mydisk/Project/Test/Lahiru/esoft/hotel-reservation/vendor/laravel/framework/src/Illuminate/Cookie/Middleware/EncryptCookies.php(74): Illuminate\\Pipeline\\Pipeline->Illuminate\\Pipeline\\{closure}()
#31 /media/mydisk/Project/Test/Lahiru/esoft/hotel-reservation/vendor/laravel/framework/src/Illuminate/Pipeline/Pipeline.php(208): Illuminate\\Cookie\\Middleware\\EncryptCookies->handle()
#32 /media/mydisk/Project/Test/Lahiru/esoft/hotel-reservation/vendor/laravel/framework/src/Illuminate/Pipeline/Pipeline.php(126): Illuminate\\Pipeline\\Pipeline->Illuminate\\Pipeline\\{closure}()
#33 /media/mydisk/Project/Test/Lahiru/esoft/hotel-reservation/vendor/laravel/framework/src/Illuminate/Routing/Router.php(807): Illuminate\\Pipeline\\Pipeline->then()
#34 /media/mydisk/Project/Test/Lahiru/esoft/hotel-reservation/vendor/laravel/framework/src/Illuminate/Routing/Router.php(786): Illuminate\\Routing\\Router->runRouteWithinStack()
#35 /media/mydisk/Project/Test/Lahiru/esoft/hotel-reservation/vendor/laravel/framework/src/Illuminate/Routing/Router.php(750): Illuminate\\Routing\\Router->runRoute()
#36 /media/mydisk/Project/Test/Lahiru/esoft/hotel-reservation/vendor/laravel/framework/src/Illuminate/Routing/Router.php(739): Illuminate\\Routing\\Router->dispatchToRoute()
#37 /media/mydisk/Project/Test/Lahiru/esoft/hotel-reservation/vendor/laravel/framework/src/Illuminate/Foundation/Http/Kernel.php(200): Illuminate\\Routing\\Router->dispatch()
#38 /media/mydisk/Project/Test/Lahiru/esoft/hotel-reservation/vendor/laravel/framework/src/Illuminate/Pipeline/Pipeline.php(169): Illuminate\\Foundation\\Http\\Kernel->Illuminate\\Foundation\\Http\\{closure}()
#39 /media/mydisk/Project/Test/Lahiru/esoft/hotel-reservation/vendor/laravel/framework/src/Illuminate/Foundation/Http/Middleware/TransformsRequest.php(21): Illuminate\\Pipeline\\Pipeline->Illuminate\\Pipeline\\{closure}()
#40 /media/mydisk/Project/Test/Lahiru/esoft/hotel-reservation/vendor/laravel/framework/src/Illuminate/Foundation/Http/Middleware/ConvertEmptyStringsToNull.php(31): Illuminate\\Foundation\\Http\\Middleware\\TransformsRequest->handle()
#41 /media/mydisk/Project/Test/Lahiru/esoft/hotel-reservation/vendor/laravel/framework/src/Illuminate/Pipeline/Pipeline.php(208): Illuminate\\Foundation\\Http\\Middleware\\ConvertEmptyStringsToNull->handle()
#42 /media/mydisk/Project/Test/Lahiru/esoft/hotel-reservation/vendor/laravel/framework/src/Illuminate/Foundation/Http/Middleware/TransformsRequest.php(21): Illuminate\\Pipeline\\Pipeline->Illuminate\\Pipeline\\{closure}()
#43 /media/mydisk/Project/Test/Lahiru/esoft/hotel-reservation/vendor/laravel/framework/src/Illuminate/Foundation/Http/Middleware/TrimStrings.php(51): Illuminate\\Foundation\\Http\\Middleware\\TransformsRequest->handle()
#44 /media/mydisk/Project/Test/Lahiru/esoft/hotel-reservation/vendor/laravel/framework/src/Illuminate/Pipeline/Pipeline.php(208): Illuminate\\Foundation\\Http\\Middleware\\TrimStrings->handle()
#45 /media/mydisk/Project/Test/Lahiru/esoft/hotel-reservation/vendor/laravel/framework/src/Illuminate/Http/Middleware/ValidatePostSize.php(27): Illuminate\\Pipeline\\Pipeline->Illuminate\\Pipeline\\{closure}()
#46 /media/mydisk/Project/Test/Lahiru/esoft/hotel-reservation/vendor/laravel/framework/src/Illuminate/Pipeline/Pipeline.php(208): Illuminate\\Http\\Middleware\\ValidatePostSize->handle()
#47 /media/mydisk/Project/Test/Lahiru/esoft/hotel-reservation/vendor/laravel/framework/src/Illuminate/Foundation/Http/Middleware/PreventRequestsDuringMaintenance.php(109): Illuminate\\Pipeline\\Pipeline->Illuminate\\Pipeline\\{closure}()
#48 /media/mydisk/Project/Test/Lahiru/esoft/hotel-reservation/vendor/laravel/framework/src/Illuminate/Pipeline/Pipeline.php(208): Illuminate\\Foundation\\Http\\Middleware\\PreventRequestsDuringMaintenance->handle()
#49 /media/mydisk/Project/Test/Lahiru/esoft/hotel-reservation/vendor/laravel/framework/src/Illuminate/Http/Middleware/HandleCors.php(48): Illuminate\\Pipeline\\Pipeline->Illuminate\\Pipeline\\{closure}()
#50 /media/mydisk/Project/Test/Lahiru/esoft/hotel-reservation/vendor/laravel/framework/src/Illuminate/Pipeline/Pipeline.php(208): Illuminate\\Http\\Middleware\\HandleCors->handle()
#51 /media/mydisk/Project/Test/Lahiru/esoft/hotel-reservation/vendor/laravel/framework/src/Illuminate/Http/Middleware/TrustProxies.php(58): Illuminate\\Pipeline\\Pipeline->Illuminate\\Pipeline\\{closure}()
#52 /media/mydisk/Project/Test/Lahiru/esoft/hotel-reservation/vendor/laravel/framework/src/Illuminate/Pipeline/Pipeline.php(208): Illuminate\\Http\\Middleware\\TrustProxies->handle()
#53 /media/mydisk/Project/Test/Lahiru/esoft/hotel-reservation/vendor/laravel/framework/src/Illuminate/Foundation/Http/Middleware/InvokeDeferredCallbacks.php(22): Illuminate\\Pipeline\\Pipeline->Illuminate\\Pipeline\\{closure}()
#54 /media/mydisk/Project/Test/Lahiru/esoft/hotel-reservation/vendor/laravel/framework/src/Illuminate/Pipeline/Pipeline.php(208): Illuminate\\Foundation\\Http\\Middleware\\InvokeDeferredCallbacks->handle()
#55 /media/mydisk/Project/Test/Lahiru/esoft/hotel-reservation/vendor/laravel/framework/src/Illuminate/Http/Middleware/ValidatePathEncoding.php(26): Illuminate\\Pipeline\\Pipeline->Illuminate\\Pipeline\\{closure}()
#56 /media/mydisk/Project/Test/Lahiru/esoft/hotel-reservation/vendor/laravel/framework/src/Illuminate/Pipeline/Pipeline.php(208): Illuminate\\Http\\Middleware\\ValidatePathEncoding->handle()
#57 /media/mydisk/Project/Test/Lahiru/esoft/hotel-reservation/vendor/laravel/framework/src/Illuminate/Pipeline/Pipeline.php(126): Illuminate\\Pipeline\\Pipeline->Illuminate\\Pipeline\\{closure}()
#58 /media/mydisk/Project/Test/Lahiru/esoft/hotel-reservation/vendor/laravel/framework/src/Illuminate/Foundation/Http/Kernel.php(175): Illuminate\\Pipeline\\Pipeline->then()
#59 /media/mydisk/Project/Test/Lahiru/esoft/hotel-reservation/vendor/laravel/framework/src/Illuminate/Foundation/Http/Kernel.php(144): Illuminate\\Foundation\\Http\\Kernel->sendRequestThroughRouter()
#60 /media/mydisk/Project/Test/Lahiru/esoft/hotel-reservation/vendor/laravel/framework/src/Illuminate/Foundation/Application.php(1219): Illuminate\\Foundation\\Http\\Kernel->handle()
#61 /media/mydisk/Project/Test/Lahiru/esoft/hotel-reservation/public/index.php(20): Illuminate\\Foundation\\Application->handleRequest()
#62 /media/mydisk/Project/Test/Lahiru/esoft/hotel-reservation/vendor/laravel/framework/src/Illuminate/Foundation/resources/server.php(23): require_once('...')
#63 {main}
"} 
